<?xml version="1.0" encoding="UTF-8"?>
<!-- Generated by org.testng.reporters.JUnitReportReporter -->
<testsuite hostname="DESKTOP-JCOPT59" failures="0" tests="3" name="orangeHRMTest.LoginPageTest" time="2.167" errors="0" timestamp="2024-09-05T22:09:27 IST" skipped="0">
  <testcase classname="orangeHRMTest.LoginPageTest" name="verifyTitle" time="0.037"/>
  <system-out>
    <![CDATA[Title matched!]]>
  </system-out>
  <testcase classname="orangeHRMTest.LoginPageTest" name="verifyLogin" time="0.784"/>
  <system-out/>
  <testcase classname="orangeHRMTest.LoginPageTest" name="verifyUrl" time="1.346"/>
  <system-out>
    <![CDATA[Title is: https://opensource-demo.orangehrmlive.com/web/index.php/dashboard/index]]>
  </system-out>
</testsuite> <!-- orangeHRMTest.LoginPageTest -->
