<?xml version="1.0" encoding="UTF-8"?>
<!-- Generated by org.testng.reporters.JUnitReportReporter -->
<testsuite hostname="DESKTOP-JCOPT59" failures="0" tests="4" name="orangeHRMTest.AdminPageTest" time="16.899" errors="0" timestamp="2024-09-05T22:08:22 IST" skipped="0">
  <testcase classname="orangeHRMTest.AdminPageTest" name="getAllMenu" time="2.191"/>
  <system-out>
    <![CDATA[Total menu options are: 12
Admin
PIM
Leave
Time
Recruitment
My Info
Performance
Dashboard
Directory
Maintenance
Claim
Buzz]]>
  </system-out>
  <testcase classname="orangeHRMTest.AdminPageTest" name="VerifySearchWithUsername" time="6.822"/>
  <system-out>
    <![CDATA[(1) Record Found]]>
  </system-out>
  <testcase classname="orangeHRMTest.AdminPageTest" name="VerifySerchWithUserRole" time="2.947"/>
  <system-out>
    <![CDATA[Search Employee by UserRole
(1) Record Found]]>
  </system-out>
  <testcase classname="orangeHRMTest.AdminPageTest" name="VerifySerchWithUserStatus" time="4.939"/>
  <system-out>
    <![CDATA[Search Employee by Status
(3) Records Found]]>
  </system-out>
</testsuite> <!-- orangeHRMTest.AdminPageTest -->
