<?xml version="1.0" encoding="UTF-8"?>
<!-- Generated by org.testng.reporters.JUnitReportReporter -->
<testsuite hostname="DESKTOP-JCOPT59" failures="0" tests="1" name="orangehrm.dpTests.ExcelData" time="1.596" errors="0" timestamp="2024-08-31T12:50:32 IST" skipped="0">
  <testcase classname="orangehrm.dpTests.ExcelData" name="dataReadTest" time="1.596"/>
  <system-out/>
</testsuite> <!-- orangehrm.dpTests.ExcelData -->
